<?xml version="1.0" encoding="UTF-8"?>
<!-- Generated by org.testng.reporters.JUnitReportReporter -->
<testsuite hostname="LAPTOP-RJ1TA7IM" failures="0" tests="4" name="com.amit.APITestingFramework.testcases.CreateCustommerTest" time="9.966" errors="0" timestamp="07 May 2020 09:29:17 GMT" skipped="0">
  <testcase classname="com.amit.APITestingFramework.testcases.CreateCustommerTest" name="validateCreateCustomerAPIWithValidSecretKey" time="2.236"/>
  <testcase classname="com.amit.APITestingFramework.testcases.CreateCustommerTest" name="validateCreateCustomerAPIWithValidSecretKey" time="2.236"/>
  <testcase classname="com.amit.APITestingFramework.testcases.CreateCustommerTest" name="validateCreateCustomerAPIWithValidSecretKey" time="2.246"/>
  <testcase classname="com.amit.APITestingFramework.testcases.CreateCustommerTest" name="validateCreateCustomerAPIWithInValidSecretKey" time="3.248"/>
</testsuite> <!-- com.amit.APITestingFramework.testcases.CreateCustommerTest -->
