<?xml version="1.0" encoding="UTF-8"?>
<!-- Generated by org.testng.reporters.JUnitReportReporter -->
<testsuite hostname="LAPTOP-RJ1TA7IM" failures="0" tests="4" name="com.amit.APITestingFramework.testcases.CreateCustommerTest" time="13.705" errors="0" timestamp="07 May 2020 09:17:54 GMT" skipped="0">
  <testcase classname="com.amit.APITestingFramework.testcases.CreateCustommerTest" name="validateCreateCustomerAPIWithValidSecretKey" time="3.019"/>
  <testcase classname="com.amit.APITestingFramework.testcases.CreateCustommerTest" name="validateCreateCustomerAPIWithInValidSecretKey" time="4.687"/>
  <testcase classname="com.amit.APITestingFramework.testcases.CreateCustommerTest" name="validateCreateCustomerAPIWithValidSecretKey" time="3.017"/>
  <testcase classname="com.amit.APITestingFramework.testcases.CreateCustommerTest" name="validateCreateCustomerAPIWithValidSecretKey" time="2.982"/>
</testsuite> <!-- com.amit.APITestingFramework.testcases.CreateCustommerTest -->
